Arguments: 
  /usr/local/bin/node /usr/local/bin/yarn init

PATH: 
  /Users/renatoalencar/Downloads/google-cloud-sdk/bin:/Users/renatoalencar/.rvm/gems/ruby-2.2.2/bin:/Users/renatoalencar/.rvm/gems/ruby-2.2.2@global/bin:/Users/renatoalencar/.rvm/rubies/ruby-2.2.2/bin:/usr/local/bin:/usr/local/sbin:/usr/bin:/bin:/usr/sbin:/sbin:/Users/renatoalencar/.rvm/bin:/Users/renatoalencar/.yadr/bin:/Users/renatoalencar/.yadr/bin/yadr

Yarn version: 
  1.7.0

Node version: 
  8.11.3

Platform: 
  darwin x64

Trace: 
  Error: canceled
      at Interface.<anonymous> (/usr/local/lib/node_modules/yarn/lib/cli.js:131036:13)
      at emitNone (events.js:106:13)
      at Interface.emit (events.js:208:7)
      at Interface._ttyWrite (readline.js:774:16)
      at ReadStream.onkeypress (readline.js:158:10)
      at emitTwo (events.js:126:13)
      at ReadStream.emit (events.js:214:7)
      at emitKeys (internal/readline.js:420:14)
      at emitKeys.next (<anonymous>)
      at ReadStream.onData (readline.js:1010:36)

npm manifest: 
  No manifest

yarn manifest: 
  No manifest

Lockfile: 
  No lockfile
